%このファイルは日本語文字を含みます.
\BOOKMARK [1][-]{section.1}{体の拡大}{}% 1
\BOOKMARK [1][-]{section.2}{Galois理論の基本定理}{}% 2
\BOOKMARK [2][-]{subsection.2.1}{Dedekindの補題}{section.2}% 3
\BOOKMARK [2][-]{subsection.2.2}{Artinの定理}{section.2}% 4
\BOOKMARK [2][-]{subsection.2.3}{Galois理論の基本定理}{section.2}% 5
\BOOKMARK [1][-]{section.3}{代数方程式の可解性}{}% 6
\BOOKMARK [1][-]{section.4}{標数 \040素体}{}% 7
\BOOKMARK [2][-]{subsection.4.1}{標数 \040素体}{section.4}% 8
\BOOKMARK [2][-]{subsection.4.2}{Frobenius 自己準同型}{section.4}% 9
\BOOKMARK [1][-]{section.5}{体上の代数}{}% 10
\BOOKMARK [2][-]{subsection.5.1}{K-代数}{section.5}% 11
\BOOKMARK [2][-]{subsection.5.2}{元の添加}{section.5}% 12
\BOOKMARK [2][-]{subsection.5.3}{体の合成}{section.5}% 13
\BOOKMARK [1][-]{section.6}{代数拡大}{}% 14
\BOOKMARK [2][-]{subsection.6.1}{代数的、超越的}{section.6}% 15
\BOOKMARK [2][-]{subsection.6.2}{代数拡大}{section.6}% 16
\BOOKMARK [1][-]{section.7}{代数閉体、分解体、代数閉包}{}% 17
\BOOKMARK [2][-]{subsection.7.1}{代数閉体}{section.7}% 18
\BOOKMARK [2][-]{subsection.7.2}{分解体}{section.7}% 19
\BOOKMARK [2][-]{subsection.7.3}{代数閉包}{section.7}% 20
\BOOKMARK [1][-]{section.8}{etale代数}{}% 21
\BOOKMARK [2][-]{subsection.8.1}{対角化}{section.8}% 22
\BOOKMARK [2][-]{subsection.8.2}{etale代数の部分代数}{section.8}% 23
\BOOKMARK [2][-]{subsection.8.3}{分離次数}{section.8}% 24
\BOOKMARK [2][-]{subsection.8.4}{微分加群}{section.8}% 25
\BOOKMARK [2][-]{subsection.8.5}{被約}{section.8}% 26
\BOOKMARK [1][-]{section.9}{分離的代数拡大}{}% 27
\BOOKMARK [2][-]{subsection.9.1}{多項式の分離性}{section.9}% 28
\BOOKMARK [2][-]{subsection.9.2}{元の分離性}{section.9}% 29
\BOOKMARK [2][-]{subsection.9.3}{原始元}{section.9}% 30
\BOOKMARK [2][-]{subsection.9.4}{分離閉体、分離閉包}{section.9}% 31
\BOOKMARK [2][-]{subsection.9.5}{非分離次数}{section.9}% 32
\BOOKMARK [1][-]{section.10}{ノルムとトレース}{}% 33
\BOOKMARK [2][-]{subsection.10.1}{ノルムとトレース}{section.10}% 34
\BOOKMARK [2][-]{subsection.10.2}{正則表現}{section.10}% 35
\BOOKMARK [2][-]{subsection.10.3}{分離拡大のノルムとトレース}{section.10}% 36
\BOOKMARK [1][-]{section.11}{正規拡大 \040\(準Galois拡大\)}{}% 37
\BOOKMARK [2][-]{subsection.11.1}{共役}{section.11}% 38
\BOOKMARK [2][-]{subsection.11.2}{正規}{section.11}% 39
\BOOKMARK [1][-]{section.12}{Galois拡大再論}{}% 40
\BOOKMARK [2][-]{subsection.12.1}{Galois拡大}{section.12}% 41
\BOOKMARK [2][-]{subsection.12.2}{多項式のGalois群}{section.12}% 42
\BOOKMARK [2][-]{subsection.12.3}{IGP \(Inverse Galois Problem\)}{section.12}% 43
\BOOKMARK [2][-]{subsection.12.4}{無限次Galois拡大}{section.12}% 44
\BOOKMARK [2][-]{subsection.12.5}{いろいろなGalois拡大 \(Abel拡大\)}{section.12}% 45
